00:04:56 **** Rebuild of configuration Debug for project Example1 ****
Info: Internal Builder is used for build
gcc -O0 -g3 -Wall -c -fmessage-length=0 -o main.o "..\\main.c" 
..\main.c: In function 'main':
..\main.c:25:8: warning: format '%s' expects argument of type 'char *', but argument 2 has type 'char (*)[50]' [-Wformat=]
  scanf("%s",&student_t.name);
        ^
gcc -o Example1.exe main.o 
00:05:34 **** Incremental Build of configuration Debug for project Example1 ****
Info: Internal Builder is used for build
gcc -O0 -g3 -Wall -c -fmessage-length=0 -o main.o "..\\main.c" 
..\main.c: In function 'main':
..\main.c:22:2: warning: statement with no effect [-Wunused-value]
  student_t;
  ^
..\main.c:26:8: warning: format '%s' expects argument of type 'char *', but argument 2 has type 'char (*)[50]' [-Wformat=]
  scanf("%s",&student_t.name);
        ^
gcc -o Example1.exe main.o 
Info: Nothing to build for Example1
00:06:27 **** Incremental Build of configuration Debug for project Example1 ****
Info: Internal Builder is used for build
gcc -O0 -g3 -Wall -c -fmessage-length=0 -o main.o "..\\main.c" 
..\main.c: In function 'main':
..\main.c:22:2: warning: statement with no effect [-Wunused-value]
  student_t;
  ^
..\main.c:26:8: warning: format '%s' expects argument of type 'char *', but argument 2 has type 'char (*)[50]' [-Wformat=]
  scanf("%s",&student_t.name);
        ^
gcc -o Example1.exe main.o 
Info: Nothing to build for Example1
00:06:44 **** Incremental Build of configuration Debug for project Example1 ****
Info: Internal Builder is used for build
gcc -O0 -g3 -Wall -c -fmessage-length=0 -o main.o "..\\main.c" 
..\main.c: In function 'main':
..\main.c:26:8: warning: format '%s' expects argument of type 'char *', but argument 2 has type 'char (*)[50]' [-Wformat=]
  scanf("%s",&student_t.name);
        ^
gcc -o Example1.exe main.o 
C:/Program Files (x86)/CodeBlocks/MinGW/bin/../lib/gcc/mingw32/5.1.0/../../../../mingw32/bin/ld.exe: cannot open output file Example1.exe: Permission denied
collect2.exe: error: ld returned 1 exit status
00:06:58 **** Incremental Build of configuration Debug for project Example1 ****
Info: Internal Builder is used for build
gcc -O0 -g3 -Wall -c -fmessage-length=0 -o main.o "..\\main.c" 
..\main.c: In function 'main':
..\main.c:22:2: warning: statement with no effect [-Wunused-value]
  student_t;
  ^
..\main.c:26:8: warning: format '%s' expects argument of type 'char *', but argument 2 has type 'char (*)[50]' [-Wformat=]
  scanf("%s",&student_t.name);
        ^
gcc -o Example1.exe main.o 
C:/Program Files (x86)/CodeBlocks/MinGW/bin/../lib/gcc/mingw32/5.1.0/../../../../mingw32/bin/ld.exe: cannot open output file Example1.exe: Permission denied
collect2.exe: error: ld returned 1 exit status
00:09:19 **** Incremental Build of configuration Debug for project Example1 ****
Info: Internal Builder is used for build
gcc -O0 -g3 -Wall -c -fmessage-length=0 -o main.o "..\\main.c" 
..\main.c: In function 'main':
..\main.c:26:8: warning: format '%s' expects argument of type 'char *', but argument 2 has type 'char (*)[50]' [-Wformat=]
  scanf("%s",&student_t.name);
        ^
gcc -o Example1.exe main.o 
Info: Nothing to build for Example1
00:56:36 **** Incremental Build of configuration Debug for project Example1 ****
Info: Internal Builder is used for build
gcc -O0 -g3 -Wall -c -fmessage-length=0 -o main.o "..\\main.c" 
..\main.c: In function 'main':
..\main.c:24:8: warning: format '%s' expects argument of type 'char *', but argument 2 has type 'char (*)[50]' [-Wformat=]
  scanf("%s",&student_t.name);
        ^
gcc -o Example1.exe main.o 
00:56:38 **** Rebuild of configuration Debug for project Example2 ****
Info: Internal Builder is used for build
gcc -O0 -g3 -Wall -c -fmessage-length=0 -o main.o "..\\main.c" 
..\main.c: In function 'main':
..\main.c:20:2: warning: statement with no effect [-Wunused-value]
  Distance_t Distance[2];
  ^
..\main.c:20:13: error: expected ';' before 'Distance'
  Distance_t Distance[2];
             ^
..\main.c:25:13: error: 'Distance' undeclared (first use in this function)
  scanf("%d",Distance[0].feet);
             ^
..\main.c:25:13: note: each undeclared identifier is reported only once for each function it appears in
..\main.c:22:8: warning: unused variable 'FloatInch' [-Wunused-variable]
  float FloatInch =0;
        ^
..\main.c:21:6: warning: unused variable 'IntFeet' [-Wunused-variable]
  int IntFeet =0;
      ^
Info: Nothing to build for Example1
00:57:47 **** Incremental Build of configuration Debug for project Example2 ****
Info: Internal Builder is used for build
gcc -O0 -g3 -Wall -c -fmessage-length=0 -o main.o "..\\main.c" 
..\main.c: In function 'main':
..\main.c:24:8: warning: format '%d' expects argument of type 'int *', but argument 2 has type 'int' [-Wformat=]
  scanf("%d",Distance_t[0].feet);
        ^
..\main.c:21:8: warning: unused variable 'FloatInch' [-Wunused-variable]
  float FloatInch =0;
        ^
..\main.c:20:6: warning: unused variable 'IntFeet' [-Wunused-variable]
  int IntFeet =0;
      ^
gcc -o Example2.exe main.o 
Info: Nothing to build for Example1
01:14:13 **** Incremental Build of configuration Debug for project Example2 ****
Info: Internal Builder is used for build
gcc -O0 -g3 -Wall -c -fmessage-length=0 -o main.o "..\\main.c" 
..\main.c: In function 'main':
..\main.c:24:8: warning: format '%d' expects argument of type 'int *', but argument 2 has type 'int' [-Wformat=]
  scanf("%d",Distance_t[0].feet);
        ^
..\main.c:26:8: warning: format '%f' expects argument of type 'float *', but argument 2 has type 'double' [-Wformat=]
  scanf("%f",Distance_t[0].inch);
        ^
..\main.c:29:8: warning: format '%d' expects argument of type 'int *', but argument 2 has type 'int' [-Wformat=]
  scanf("%d",Distance_t[1].feet);
        ^
..\main.c:31:8: warning: format '%f' expects argument of type 'float *', but argument 2 has type 'double' [-Wformat=]
  scanf("%f",Distance_t[1].inch);
        ^
gcc -o Example2.exe main.o 
Info: Nothing to build for Example2
Info: Nothing to build for Example1
01:14:44 **** Incremental Build of configuration Debug for project Example2 ****
Info: Internal Builder is used for build
gcc -O0 -g3 -Wall -c -fmessage-length=0 -o main.o "..\\main.c" 
..\main.c: In function 'main':
..\main.c:25:8: warning: format '%d' expects argument of type 'int *', but argument 2 has type 'int' [-Wformat=]
  scanf("%d",Distance_t[0].feet);
        ^
..\main.c:27:8: warning: format '%f' expects argument of type 'float *', but argument 2 has type 'double' [-Wformat=]
  scanf("%f",Distance_t[0].inch);
        ^
..\main.c:30:8: warning: format '%d' expects argument of type 'int *', but argument 2 has type 'int' [-Wformat=]
  scanf("%d",Distance_t[1].feet);
        ^
..\main.c:32:8: warning: format '%f' expects argument of type 'float *', but argument 2 has type 'double' [-Wformat=]
  scanf("%f",Distance_t[1].inch);
        ^
gcc -o Example2.exe main.o 
C:/Program Files (x86)/CodeBlocks/MinGW/bin/../lib/gcc/mingw32/5.1.0/../../../../mingw32/bin/ld.exe: cannot open output file Example2.exe: Permission denied
collect2.exe: error: ld returned 1 exit status
Info: Nothing to build for Example1
01:15:22 **** Incremental Build of configuration Debug for project Example2 ****
Info: Internal Builder is used for build
gcc -o Example2.exe main.o 
Info: Nothing to build for Example2
Info: Nothing to build for Example2
Info: Nothing to build for Example1
01:17:34 **** Incremental Build of configuration Debug for project Example2 ****
Info: Internal Builder is used for build
gcc -O0 -g3 -Wall -c -fmessage-length=0 -o main.o "..\\main.c" 
..\main.c: In function 'main':
..\main.c:20:2: warning: statement with no effect [-Wunused-value]
  Distance_t Distance_t[2];
  ^
..\main.c:20:13: error: expected ';' before 'Distance_t'
  Distance_t Distance_t[2];
             ^
..\main.c:26:23: error: subscripted value is neither array nor pointer nor vector
  scanf("%d",Distance_t[0].feet);
                       ^
..\main.c:28:23: error: subscripted value is neither array nor pointer nor vector
  scanf("%f",Distance_t[0].inch);
                       ^
..\main.c:31:23: error: subscripted value is neither array nor pointer nor vector
  scanf("%d",Distance_t[1].feet);
                       ^
..\main.c:33:23: error: subscripted value is neither array nor pointer nor vector
  scanf("%f",Distance_t[1].inch);
                       ^
..\main.c:34:20: error: subscripted value is neither array nor pointer nor vector
  IntFeet=Distance_t[0].feet+Distance_t[1].feet;
                    ^
..\main.c:34:39: error: subscripted value is neither array nor pointer nor vector
  IntFeet=Distance_t[0].feet+Distance_t[1].feet;
                                       ^
..\main.c:35:22: error: subscripted value is neither array nor pointer nor vector
  FloatInch=Distance_t[0].inch+Distance_t[1].inch;
                      ^
..\main.c:35:41: error: subscripted value is neither array nor pointer nor vector
  FloatInch=Distance_t[0].inch+Distance_t[1].inch;
                                         ^
Info: Nothing to build for Example1
01:17:44 **** Incremental Build of configuration Debug for project Example2 ****
Info: Internal Builder is used for build
gcc -O0 -g3 -Wall -c -fmessage-length=0 -o main.o "..\\main.c" 
..\main.c: In function 'main':
..\main.c:20:13: error: subscripted value is neither array nor pointer nor vector
   Distance_t[2];
             ^
..\main.c:26:23: error: subscripted value is neither array nor pointer nor vector
  scanf("%d",Distance_t[0].feet);
                       ^
..\main.c:28:23: error: subscripted value is neither array nor pointer nor vector
  scanf("%f",Distance_t[0].inch);
                       ^
..\main.c:31:23: error: subscripted value is neither array nor pointer nor vector
  scanf("%d",Distance_t[1].feet);
                       ^
..\main.c:33:23: error: subscripted value is neither array nor pointer nor vector
  scanf("%f",Distance_t[1].inch);
                       ^
..\main.c:34:20: error: subscripted value is neither array nor pointer nor vector
  IntFeet=Distance_t[0].feet+Distance_t[1].feet;
                    ^
..\main.c:34:39: error: subscripted value is neither array nor pointer nor vector
  IntFeet=Distance_t[0].feet+Distance_t[1].feet;
                                       ^
..\main.c:35:22: error: subscripted value is neither array nor pointer nor vector
  FloatInch=Distance_t[0].inch+Distance_t[1].inch;
                      ^
..\main.c:35:41: error: subscripted value is neither array nor pointer nor vector
  FloatInch=Distance_t[0].inch+Distance_t[1].inch;
                                         ^
Info: Nothing to build for Example1
01:18:02 **** Incremental Build of configuration Debug for project Example2 ****
Info: Internal Builder is used for build
gcc -O0 -g3 -Wall -c -fmessage-length=0 -o main.o "..\\main.c" 
..\main.c: In function 'main':
..\main.c:26:8: warning: format '%d' expects argument of type 'int *', but argument 2 has type 'int' [-Wformat=]
  scanf("%d",Distance_t[0].feet);
        ^
..\main.c:28:8: warning: format '%f' expects argument of type 'float *', but argument 2 has type 'double' [-Wformat=]
  scanf("%f",Distance_t[0].inch);
        ^
..\main.c:31:8: warning: format '%d' expects argument of type 'int *', but argument 2 has type 'int' [-Wformat=]
  scanf("%d",Distance_t[1].feet);
        ^
..\main.c:33:8: warning: format '%f' expects argument of type 'float *', but argument 2 has type 'double' [-Wformat=]
  scanf("%f",Distance_t[1].inch);
        ^
gcc -o Example2.exe main.o 
Info: Nothing to build for Example2
Info: Nothing to build for Example1
01:19:48 **** Incremental Build of configuration Debug for project Example2 ****
Info: Internal Builder is used for build
gcc -O0 -g3 -Wall -c -fmessage-length=0 -o main.o "..\\main.c" 
..\main.c: In function 'main':
..\main.c:26:8: warning: format '%d' expects argument of type 'int *', but argument 2 has type 'int' [-Wformat=]
  scanf("%d",d1.feet);
        ^
..\main.c:28:8: warning: format '%f' expects argument of type 'float *', but argument 2 has type 'double' [-Wformat=]
  scanf("%f",d1.inch);
        ^
..\main.c:31:8: warning: format '%d' expects argument of type 'int *', but argument 2 has type 'int' [-Wformat=]
  scanf("%d",d2.feet);
        ^
..\main.c:33:8: warning: format '%f' expects argument of type 'float *', but argument 2 has type 'double' [-Wformat=]
  scanf("%f",d2.inch);
        ^
gcc -o Example2.exe main.o 
Info: Nothing to build for Example2
Info: Nothing to build for Example1
01:20:20 **** Incremental Build of configuration Debug for project Example2 ****
Info: Internal Builder is used for build
gcc -O0 -g3 -Wall -c -fmessage-length=0 -o main.o "..\\main.c" 
..\main.c: In function 'main':
..\main.c:26:8: warning: format '%u' expects argument of type 'unsigned int *', but argument 2 has type 'int' [-Wformat=]
  scanf("%u",d1.feet);
        ^
..\main.c:28:8: warning: format '%f' expects argument of type 'float *', but argument 2 has type 'double' [-Wformat=]
  scanf("%f",d1.inch);
        ^
..\main.c:31:8: warning: format '%d' expects argument of type 'int *', but argument 2 has type 'int' [-Wformat=]
  scanf("%d",d2.feet);
        ^
..\main.c:33:8: warning: format '%f' expects argument of type 'float *', but argument 2 has type 'double' [-Wformat=]
  scanf("%f",d2.inch);
        ^
gcc -o Example2.exe main.o 
Info: Nothing to build for Example2
Info: Nothing to build for Example1
01:21:48 **** Incremental Build of configuration Debug for project Example2 ****
Info: Internal Builder is used for build
gcc -O0 -g3 -Wall -c -fmessage-length=0 -o main.o "..\\main.c" 
gcc -o Example2.exe main.o 
Info: Nothing to build for Example2
Info: Nothing to build for Example1
01:22:24 **** Incremental Build of configuration Debug for project Example2 ****
Info: Internal Builder is used for build
gcc -O0 -g3 -Wall -c -fmessage-length=0 -o main.o "..\\main.c" 
gcc -o Example2.exe main.o 
C:/Program Files (x86)/CodeBlocks/MinGW/bin/../lib/gcc/mingw32/5.1.0/../../../../mingw32/bin/ld.exe: cannot open output file Example2.exe: Permission denied
collect2.exe: error: ld returned 1 exit status
01:22:27 **** Incremental Build of configuration Debug for project Example2 ****
Info: Internal Builder is used for build
gcc -o Example2.exe main.o 
C:/Program Files (x86)/CodeBlocks/MinGW/bin/../lib/gcc/mingw32/5.1.0/../../../../mingw32/bin/ld.exe: cannot open output file Example2.exe: Permission denied
collect2.exe: error: ld returned 1 exit status
Info: Nothing to build for Example1
01:27:25 **** Incremental Build of configuration Debug for project Example2 ****
Info: Internal Builder is used for build
gcc -o Example2.exe main.o 
Info: Nothing to build for Example2
Info: Nothing to build for Example1
01:29:28 **** Incremental Build of configuration Debug for project Example2 ****
Info: Internal Builder is used for build
gcc -O0 -g3 -Wall -c -fmessage-length=0 -o main.o "..\\main.c" 
..\main.c: In function 'main':
..\main.c:26:8: warning: format '%u' expects argument of type 'unsigned int *', but argument 2 has type 'int' [-Wformat=]
  scanf("%u",d1.feet);
        ^
..\main.c:28:8: warning: format '%f' expects argument of type 'float *', but argument 2 has type 'double' [-Wformat=]
  scanf("%f",d1.inch);
        ^
..\main.c:31:8: warning: format '%d' expects argument of type 'int *', but argument 2 has type 'int' [-Wformat=]
  scanf("%d",d2.feet);
        ^
..\main.c:33:8: warning: format '%f' expects argument of type 'float *', but argument 2 has type 'double' [-Wformat=]
  scanf("%f",d2.inch);
        ^
gcc -o Example2.exe main.o 
Info: Nothing to build for Example1
Info: Nothing to build for Example2
Info: Nothing to build for Example1
01:31:45 **** Incremental Build of configuration Debug for project Example2 ****
Info: Internal Builder is used for build
gcc -O0 -g3 -Wall -c -fmessage-length=0 -o main.o "..\\main.c" 
gcc -o Example2.exe main.o 
Info: Nothing to build for Example2
Info: Nothing to build for Example1
01:34:31 **** Incremental Build of configuration Debug for project Example2 ****
Info: Internal Builder is used for build
gcc -O0 -g3 -Wall -c -fmessage-length=0 -o main.o "..\\main.c" 
gcc -o Example2.exe main.o 
Info: Nothing to build for Example2
Info: Nothing to build for Example1
Info: Nothing to build for Example2
Info: Nothing to build for Example1
01:50:57 **** Incremental Build of configuration Debug for project Example2 ****
Info: Internal Builder is used for build
gcc -O0 -g3 -Wall -c -fmessage-length=0 -o main.o "..\\main.c" 
gcc -o Example2.exe main.o 
Info: Nothing to build for Example2
Info: Nothing to build for Example1
02:00:06 **** Incremental Build of configuration Debug for project Example2 ****
Info: Internal Builder is used for build
gcc -O0 -g3 -Wall -c -fmessage-length=0 -o main.o "..\\main.c" 
gcc -o Example2.exe main.o 
Info: Nothing to build for Example2
Info: Nothing to build for Example1
03:54:56 **** Incremental Build of configuration Debug for project Example2 ****
Info: Internal Builder is used for build
gcc -O0 -g3 -Wall -c -fmessage-length=0 -o main.o "..\\main.c" 
gcc -o Example2.exe main.o 
03:54:59 **** Rebuild of configuration Debug for project Example3 ****
Info: Internal Builder is used for build
gcc -O0 -g3 -Wall -c -fmessage-length=0 -o main.o "..\\main.c" 
gcc -o Example3.exe main.o 
Info: Nothing to build for Example3
Info: Nothing to build for Example1
Info: Nothing to build for Example2
03:55:53 **** Incremental Build of configuration Debug for project Example3 ****
Info: Internal Builder is used for build
gcc -O0 -g3 -Wall -c -fmessage-length=0 -o main.o "..\\main.c" 
gcc -o Example3.exe main.o 
C:/Program Files (x86)/CodeBlocks/MinGW/bin/../lib/gcc/mingw32/5.1.0/../../../../mingw32/bin/ld.exe: cannot open output file Example3.exe: Permission denied
collect2.exe: error: ld returned 1 exit status
Info: Nothing to build for Example1
Info: Nothing to build for Example2
03:57:21 **** Incremental Build of configuration Debug for project Example3 ****
Info: Internal Builder is used for build
gcc -o Example3.exe main.o 
Info: Nothing to build for Example3
Info: Nothing to build for Example1
Info: Nothing to build for Example2
03:58:48 **** Incremental Build of configuration Debug for project Example3 ****
Info: Internal Builder is used for build
gcc -O0 -g3 -Wall -c -fmessage-length=0 -o main.o "..\\main.c" 
gcc -o Example3.exe main.o 
Info: Nothing to build for Example3
Info: Nothing to build for Example1
Info: Nothing to build for Example2
04:01:23 **** Incremental Build of configuration Debug for project Example3 ****
Info: Internal Builder is used for build
gcc -O0 -g3 -Wall -c -fmessage-length=0 -o main.o "..\\main.c" 
gcc -o Example3.exe main.o 
Info: Nothing to build for Example3
Info: Nothing to build for Example1
Info: Nothing to build for Example2
04:03:13 **** Incremental Build of configuration Debug for project Example3 ****
Info: Internal Builder is used for build
gcc -O0 -g3 -Wall -c -fmessage-length=0 -o main.o "..\\main.c" 
gcc -o Example3.exe main.o 
Info: Nothing to build for Example3
Info: Nothing to build for Example1
Info: Nothing to build for Example2
04:04:05 **** Incremental Build of configuration Debug for project Example3 ****
Info: Internal Builder is used for build
gcc -O0 -g3 -Wall -c -fmessage-length=0 -o main.o "..\\main.c" 
gcc -o Example3.exe main.o 
Info: Nothing to build for Example3
Info: Nothing to build for Example1
Info: Nothing to build for Example2
Info: Nothing to build for Example3
05:12:08 **** Rebuild of configuration Debug for project Example4 ****
Info: Internal Builder is used for build
gcc -O0 -g3 -Wall -c -fmessage-length=0 -o main.o "..\\main.c" 
gcc -o Example4.exe main.o 
C:/Program Files (x86)/CodeBlocks/MinGW/bin/../lib/gcc/mingw32/5.1.0/../../../libmingw32.a(main.o):main.c:(.text.startup+0xa7): undefined reference to `WinMain@16'
collect2.exe: error: ld returned 1 exit status
Info: Nothing to build for Example1
Info: Nothing to build for Example2
Info: Nothing to build for Example3
05:12:30 **** Incremental Build of configuration Debug for project Example4 ****
Info: Internal Builder is used for build
gcc -O0 -g3 -Wall -c -fmessage-length=0 -o main.o "..\\main.c" 
gcc -o Example4.exe main.o 
Info: Nothing to build for Example1
Info: Nothing to build for Example2
Info: Nothing to build for Example3
16:10:53 **** Incremental Build of configuration Debug for project Example4 ****
Info: Internal Builder is used for build
gcc -O0 -g3 -Wall -c -fmessage-length=0 -o main.o "..\\main.c" 
..\main.c: In function 'main':
..\main.c:30:29: error: expected identifier or '(' before '.' token
   struct SstudentInformation.roll;
                             ^
Info: Nothing to build for Example1
Info: Nothing to build for Example2
Info: Nothing to build for Example3
16:27:30 **** Incremental Build of configuration Debug for project Example4 ****
Info: Internal Builder is used for build
gcc -O0 -g3 -Wall -c -fmessage-length=0 -o main.o "..\\main.c" 
..\main.c: In function 'main':
..\main.c:33:9: warning: format '%s' expects argument of type 'char *', but argument 2 has type 'char (*)[40]' [-Wformat=]
   scanf("%s",&StudInfo[i].name);
         ^
..\main.c:43:10: warning: too many arguments for format [-Wformat-extra-args]
   printf("Name: ",StudInfo[i].name);
          ^
gcc -o Example4.exe main.o 
Info: Nothing to build for Example4
Info: Nothing to build for Example1
Info: Nothing to build for Example2
Info: Nothing to build for Example3
16:28:37 **** Incremental Build of configuration Debug for project Example4 ****
Info: Internal Builder is used for build
gcc -O0 -g3 -Wall -c -fmessage-length=0 -o main.o "..\\main.c" 
..\main.c: In function 'main':
..\main.c:33:9: warning: format '%s' expects argument of type 'char *', but argument 2 has type 'char (*)[40]' [-Wformat=]
   scanf("%s",&StudInfo[i].name);
         ^
..\main.c:40:7: error: 'i' undeclared (first use in this function)
  for (i=0;i<10;++i)
       ^
..\main.c:40:7: note: each undeclared identifier is reported only once for each function it appears in
Info: Nothing to build for Example1
Info: Nothing to build for Example2
Info: Nothing to build for Example3
16:28:49 **** Incremental Build of configuration Debug for project Example4 ****
Info: Internal Builder is used for build
gcc -O0 -g3 -Wall -c -fmessage-length=0 -o main.o "..\\main.c" 
..\main.c: In function 'main':
..\main.c:33:9: warning: format '%s' expects argument of type 'char *', but argument 2 has type 'char (*)[40]' [-Wformat=]
   scanf("%s",&StudInfo[i].name);
         ^
..\main.c:40:7: error: 'i' undeclared (first use in this function)
  for (i=0;i<10;++i)
       ^
..\main.c:40:7: note: each undeclared identifier is reported only once for each function it appears in
Info: Nothing to build for Example1
Info: Nothing to build for Example2
Info: Nothing to build for Example3
16:28:59 **** Incremental Build of configuration Debug for project Example4 ****
Info: Internal Builder is used for build
gcc -O0 -g3 -Wall -c -fmessage-length=0 -o main.o "..\\main.c" 
..\main.c: In function 'main':
..\main.c:33:9: warning: format '%s' expects argument of type 'char *', but argument 2 has type 'char (*)[40]' [-Wformat=]
   scanf("%s",&StudInfo[i].name);
         ^
..\main.c:43:10: warning: too many arguments for format [-Wformat-extra-args]
   printf("Name: ",StudInfo[i].name);
          ^
gcc -o Example4.exe main.o 
C:/Program Files (x86)/CodeBlocks/MinGW/bin/../lib/gcc/mingw32/5.1.0/../../../../mingw32/bin/ld.exe: cannot open output file Example4.exe: Permission denied
collect2.exe: error: ld returned 1 exit status
16:29:02 **** Incremental Build of configuration Debug for project Example4 ****
Info: Internal Builder is used for build
gcc -o Example4.exe main.o 
C:/Program Files (x86)/CodeBlocks/MinGW/bin/../lib/gcc/mingw32/5.1.0/../../../../mingw32/bin/ld.exe: cannot open output file Example4.exe: Permission denied
collect2.exe: error: ld returned 1 exit status
Info: Nothing to build for Example1
Info: Nothing to build for Example2
Info: Nothing to build for Example3
16:30:02 **** Incremental Build of configuration Debug for project Example4 ****
Info: Internal Builder is used for build
gcc -O0 -g3 -Wall -c -fmessage-length=0 -o main.o "..\\main.c" 
..\main.c: In function 'main':
..\main.c:33:9: warning: format '%s' expects argument of type 'char *', but argument 2 has type 'char (*)[40]' [-Wformat=]
   scanf("%s",&StudInfo[i].name);
         ^
..\main.c:44:10: warning: too many arguments for format [-Wformat-extra-args]
   printf("Name: ",StudInfo[i].name);
          ^
gcc -o Example4.exe main.o 
Info: Nothing to build for Example4
Info: Nothing to build for Example1
Info: Nothing to build for Example2
Info: Nothing to build for Example3
Info: Nothing to build for Example4
Info: Nothing to build for Example1
Info: Nothing to build for Example2
Info: Nothing to build for Example3
16:31:08 **** Incremental Build of configuration Debug for project Example4 ****
Info: Internal Builder is used for build
gcc -O0 -g3 -Wall -c -fmessage-length=0 -o main.o "..\\main.c" 
..\main.c: In function 'main':
..\main.c:33:9: warning: format '%s' expects argument of type 'char *', but argument 2 has type 'char (*)[40]' [-Wformat=]
   scanf("%s",&StudInfo[i].name);
         ^
..\main.c:43:10: warning: too many arguments for format [-Wformat-extra-args]
   printf("Name: ",StudInfo[i].name);
          ^
gcc -o Example4.exe main.o 
C:/Program Files (x86)/CodeBlocks/MinGW/bin/../lib/gcc/mingw32/5.1.0/../../../../mingw32/bin/ld.exe: cannot open output file Example4.exe: Permission denied
collect2.exe: error: ld returned 1 exit status
Info: Nothing to build for Example1
Info: Nothing to build for Example2
Info: Nothing to build for Example3
16:31:48 **** Incremental Build of configuration Debug for project Example4 ****
Info: Internal Builder is used for build
gcc -o Example4.exe main.o 
Info: Nothing to build for Example4
Info: Nothing to build for Example1
Info: Nothing to build for Example2
17:57:40 **** Incremental Build of configuration Debug for project Example3 ****
Info: Internal Builder is used for build
gcc -O0 -g3 -Wall -c -fmessage-length=0 -o main.o "..\\main.c" 
gcc -o Example3.exe main.o 
17:57:43 **** Incremental Build of configuration Debug for project Example4 ****
Info: Internal Builder is used for build
gcc -O0 -g3 -Wall -c -fmessage-length=0 -o main.o "..\\main.c" 
..\main.c: In function 'main':
..\main.c:33:9: warning: format '%s' expects argument of type 'char *', but argument 2 has type 'char (*)[40]' [-Wformat=]
   scanf("%s",&StudInfo[i].name);      //Read The Name.
         ^
..\main.c:44:10: warning: too many arguments for format [-Wformat-extra-args]
   printf("Name: ",StudInfo[i].name);
          ^
gcc -o Example4.exe main.o 
17:57:45 **** Rebuild of configuration Debug for project Example5 ****
Info: Internal Builder is used for build
gcc -O0 -g3 -Wall -c -fmessage-length=0 -o main.o "..\\main.c" 
..\main.c: In function 'main':
..\main.c:23:2: warning: implicit declaration of function 'pirntf' [-Wimplicit-function-declaration]
  pirntf("Enter The Radius of The Circle: ");    //Ask User to Enter The Radius of The Circle .
  ^
gcc -o Example5.exe main.o 
main.o: In function `main':
E:\Embedded System\Basic\Embedded_System_Online_Diploma\C Programming\Assignemts\Structures & Union & Enum\Example5\Debug/../main.c:23: undefined reference to `pirntf'
collect2.exe: error: ld returned 1 exit status
Info: Nothing to build for Example1
Info: Nothing to build for Example2
Info: Nothing to build for Example3
Info: Nothing to build for Example4
17:58:08 **** Incremental Build of configuration Debug for project Example5 ****
Info: Internal Builder is used for build
gcc -O0 -g3 -Wall -c -fmessage-length=0 -o main.o "..\\main.c" 
gcc -o Example5.exe main.o 
Info: Nothing to build for Example5
Info: Nothing to build for Example5
Info: Nothing to build for Example1
Info: Nothing to build for Example2
Info: Nothing to build for Example3
Info: Nothing to build for Example4
Info: Nothing to build for Example5
18:18:12 **** Rebuild of configuration Debug for project Example6 ****
Info: Internal Builder is used for build
gcc -O0 -g3 -Wall -c -fmessage-length=0 -o main.o "..\\main.c" 
..\main.c: In function 'main':
..\main.c:31:2: warning: implicit declaration of function 'pirntf' [-Wimplicit-function-declaration]
  pirntf("Size of The Structure= %d",sizeof(SStruct));     //Print The Size of Structure.
  ^
gcc -o Example6.exe main.o 
main.o: In function `main':
E:\Embedded System\Basic\Embedded_System_Online_Diploma\C Programming\Assignemts\Structures & Union & Enum\Example6\Debug/../main.c:31: undefined reference to `pirntf'
collect2.exe: error: ld returned 1 exit status
Info: Nothing to build for Example1
Info: Nothing to build for Example2
Info: Nothing to build for Example3
Info: Nothing to build for Example4
Info: Nothing to build for Example5
18:18:26 **** Incremental Build of configuration Debug for project Example6 ****
Info: Internal Builder is used for build
gcc -O0 -g3 -Wall -c -fmessage-length=0 -o main.o "..\\main.c" 
gcc -o Example6.exe main.o 
Info: Nothing to build for Example6
